<?xml version="1.0" encoding="UTF-8"?>
<!-- Generated by org.testng.reporters.JUnitReportReporter -->
<testsuite hostname="HP-Nidhi" failures="0" tests="2" name="qaclickacadmey.Mavenjava.RestAPITest" time="0.001" errors="0" timestamp="2022-01-25T17:31:09 MST" skipped="0">
  <testcase classname="qaclickacadmey.Mavenjava.RestAPITest" name="deleteTwitter" time="0.001"/>
  <system-out/>
  <testcase classname="qaclickacadmey.Mavenjava.RestAPITest" name="postJIRA" time="0.000"/>
  <system-out/>
</testsuite> <!-- qaclickacadmey.Mavenjava.RestAPITest -->
