<?xml version="1.0" encoding="UTF-8"?>
<!-- Generated by org.testng.reporters.JUnitReportReporter -->
<testsuite hostname="HP-Nidhi" failures="0" tests="2" name="qaclickacadmey.Mavenjava.AppiumTest" time="0.002" errors="0" timestamp="2022-01-25T17:31:09 MST" skipped="0">
  <testcase classname="qaclickacadmey.Mavenjava.AppiumTest" name="IOSApps" time="0.001"/>
  <system-out/>
  <testcase classname="qaclickacadmey.Mavenjava.AppiumTest" name="nativeAPAndriod" time="0.001"/>
  <system-out/>
</testsuite> <!-- qaclickacadmey.Mavenjava.AppiumTest -->
