<?xml version="1.0" encoding="UTF-8"?>
<!-- Generated by org.testng.reporters.JUnitReportReporter -->
<testsuite hostname="HP-Nidhi" failures="0" tests="1" name="qaclickacadmey.Mavenjava.ExtentReportDemo" time="8.771" errors="0" timestamp="2022-01-05T14:37:16 MST" skipped="0">
  <testcase classname="qaclickacadmey.Mavenjava.ExtentReportDemo" name="intialDemo" time="8.771"/>
  <system-out/>
</testsuite> <!-- qaclickacadmey.Mavenjava.ExtentReportDemo -->
