<?xml version="1.0" encoding="UTF-8"?>
<!-- Generated by org.testng.reporters.JUnitReportReporter -->
<testsuite hostname="HP-Nidhi" failures="0" tests="2" name="qaclickacadmey.Mavenjava.SeleniumTest" time="0.008" errors="0" timestamp="2022-01-25T17:31:09 MST" skipped="0">
  <testcase classname="qaclickacadmey.Mavenjava.SeleniumTest" name="elementsUI" time="0.001"/>
  <system-out/>
  <testcase classname="qaclickacadmey.Mavenjava.SeleniumTest" name="browserAutomation" time="0.007"/>
  <system-out/>
</testsuite> <!-- qaclickacadmey.Mavenjava.SeleniumTest -->
